app/MiPush_Client_Android_20180613/PushDemo4Studio/PushDemo/build/outputs/logs/manifest-merger-debug-report.txt
-- Merging decision tree log ---
manifest
ADDED from PushDemo4Studio\PushDemo\AndroidManifest.xml:2:1-62:12
	package
		ADDED from PushDemo4Studio\PushDemo\AndroidManifest.xml:2:70-101
		INJECTED from PushDemo4Studio\PushDemo\AndroidManifest.xml
		INJECTED from PushDemo4Studio\PushDemo\AndroidManifest.xml
	android:versionName
		ADDED from PushDemo4Studio\PushDemo\AndroidManifest.xml:2:126-151
		INJECTED from PushDemo4Studio\PushDemo\AndroidManifest.xml
		INJECTED from PushDemo4Studio\PushDemo\AndroidManifest.xml
	android:versionCode
		ADDED from PushDemo4Studio\PushDemo\AndroidManifest.xml:2:102-125
		INJECTED from PushDemo4Studio\PushDemo\AndroidManifest.xml
		INJECTED from PushDemo4Studio\PushDemo\AndroidManifest.xml
	xmlns:android
		ADDED from PushDemo4Studio\PushDemo\AndroidManifest.xml:2:11-69
uses-sdk
ADDED from PushDemo4Studio\PushDemo\AndroidManifest.xml:4:5-73
	android:targetSdkVersion
		ADDED from PushDemo4Studio\PushDemo\AndroidManifest.xml:4:41-70
		INJECTED from PushDemo4Studio\PushDemo\AndroidManifest.xml
		INJECTED from PushDemo4Studio\PushDemo\AndroidManifest.xml
	android:minSdkVersion
		ADDED from PushDemo4Studio\PushDemo\AndroidManifest.xml:4:15-40
		INJECTED from PushDemo4Studio\PushDemo\AndroidManifest.xml
		INJECTED from PushDemo4Studio\PushDemo\AndroidManifest.xml
uses-permission#android.permission.WRITE_EXTERNAL_STORAGE
ADDED from PushDemo4Studio\PushDemo\AndroidManifest.xml:6:5-81
	android:name
		ADDED from PushDemo4Studio\PushDemo\AndroidManifest.xml:6:22-78
uses-permission#android.permission.INTERNET
ADDED from PushDemo4Studio\PushDemo\AndroidManifest.xml:7:5-67
	android:name
		ADDED from PushDemo4Studio\PushDemo\AndroidManifest.xml:7:22-64
uses-permission#android.permission.ACCESS_NETWORK_STATE
ADDED from PushDemo4Studio\PushDemo\AndroidManifest.xml:8:5-79
	android:name
		ADDED from PushDemo4Studio\PushDemo\AndroidManifest.xml:8:22-76
uses-permission#android.permission.ACCESS_WIFI_STATE
ADDED from PushDemo4Studio\PushDemo\AndroidManifest.xml:9:5-76
	android:name
		ADDED from PushDemo4Studio\PushDemo\AndroidManifest.xml:9:22-73
uses-permission#android.permission.READ_PHONE_STATE
ADDED from PushDemo4Studio\PushDemo\AndroidManifest.xml:10:5-75
	android:name
		ADDED from PushDemo4Studio\PushDemo\AndroidManifest.xml:10:22-72
uses-permission#android.permission.GET_TASKS
ADDED from PushDemo4Studio\PushDemo\AndroidManifest.xml:11:5-68
	android:name
		ADDED from PushDemo4Studio\PushDemo\AndroidManifest.xml:11:22-65
permission#com.xiaomi.mipushdemo.permission.MIPUSH_RECEIVE
ADDED from PushDemo4Studio\PushDemo\AndroidManifest.xml:13:5-118
	android:protectionLevel
		ADDED from PushDemo4Studio\PushDemo\AndroidManifest.xml:13:80-115
	android:name
		ADDED from PushDemo4Studio\PushDemo\AndroidManifest.xml:13:17-79
uses-permission#com.xiaomi.mipushdemo.permission.MIPUSH_RECEIVE
ADDED from PushDemo4Studio\PushDemo\AndroidManifest.xml:15:5-87
	android:name
		ADDED from PushDemo4Studio\PushDemo\AndroidManifest.xml:15:22-84
uses-permission#android.permission.VIBRATE
ADDED from PushDemo4Studio\PushDemo\AndroidManifest.xml:16:5-66
	android:name
		ADDED from PushDemo4Studio\PushDemo\AndroidManifest.xml:16:22-63
application
ADDED from PushDemo4Studio\PushDemo\AndroidManifest.xml:18:5-60:19
	android:label
		ADDED from PushDemo4Studio\PushDemo\AndroidManifest.xml:18:108-140
	android:icon
		ADDED from PushDemo4Studio\PushDemo\AndroidManifest.xml:18:71-107
	android:theme
		ADDED from PushDemo4Studio\PushDemo\AndroidManifest.xml:18:141-172
	android:name
		ADDED from PushDemo4Studio\PushDemo\AndroidManifest.xml:18:18-70
activity#com.xiaomi.mipushdemo.MainActivity
ADDED from PushDemo4Studio\PushDemo\AndroidManifest.xml:20:9-26:20
	android:label
		ADDED from PushDemo4Studio\PushDemo\AndroidManifest.xml:20:69-101
	android:name
		ADDED from PushDemo4Studio\PushDemo\AndroidManifest.xml:20:19-68
intent-filter#android.intent.action.MAIN+android.intent.category.LAUNCHER
ADDED from PushDemo4Studio\PushDemo\AndroidManifest.xml:21:13-25:29
action#android.intent.action.MAIN
ADDED from PushDemo4Studio\PushDemo\AndroidManifest.xml:22:17-69
	android:name
		ADDED from PushDemo4Studio\PushDemo\AndroidManifest.xml:22:25-66
category#android.intent.category.LAUNCHER
ADDED from PushDemo4Studio\PushDemo\AndroidManifest.xml:24:17-77
	android:name
		ADDED from PushDemo4Studio\PushDemo\AndroidManifest.xml:24:27-74
activity#com.xiaomi.mipushdemo.PermissionActivity
ADDED from PushDemo4Studio\PushDemo\AndroidManifest.xml:28:9-134
	android:label
		ADDED from PushDemo4Studio\PushDemo\AndroidManifest.xml:28:115-131
	android:theme
		ADDED from PushDemo4Studio\PushDemo\AndroidManifest.xml:28:75-114
	android:name
		ADDED from PushDemo4Studio\PushDemo\AndroidManifest.xml:28:19-74
service#com.xiaomi.push.service.XMJobService
ADDED from PushDemo4Studio\PushDemo\AndroidManifest.xml:30:9-208
	android:enabled
		ADDED from PushDemo4Studio\PushDemo\AndroidManifest.xml:30:70-92
	android:process
		ADDED from PushDemo4Studio\PushDemo\AndroidManifest.xml:30:175-205
	android:exported
		ADDED from PushDemo4Studio\PushDemo\AndroidManifest.xml:30:93-117
	android:permission
		ADDED from PushDemo4Studio\PushDemo\AndroidManifest.xml:30:118-174
	android:name
		ADDED from PushDemo4Studio\PushDemo\AndroidManifest.xml:30:18-69
service#com.xiaomi.push.service.XMPushService
ADDED from PushDemo4Studio\PushDemo\AndroidManifest.xml:32:9-127
	android:enabled
		ADDED from PushDemo4Studio\PushDemo\AndroidManifest.xml:32:71-93
	android:process
		ADDED from PushDemo4Studio\PushDemo\AndroidManifest.xml:32:94-124
	android:name
		ADDED from PushDemo4Studio\PushDemo\AndroidManifest.xml:32:18-70
service#com.xiaomi.mipush.sdk.PushMessageHandler
ADDED from PushDemo4Studio\PushDemo\AndroidManifest.xml:34:9-123
	android:enabled
		ADDED from PushDemo4Studio\PushDemo\AndroidManifest.xml:34:74-96
	android:exported
		ADDED from PushDemo4Studio\PushDemo\AndroidManifest.xml:34:97-120
	android:name
		ADDED from PushDemo4Studio\PushDemo\AndroidManifest.xml:34:18-73
service#com.xiaomi.mipush.sdk.MessageHandleService
ADDED from PushDemo4Studio\PushDemo\AndroidManifest.xml:35:9-101
	android:enabled
		ADDED from PushDemo4Studio\PushDemo\AndroidManifest.xml:35:76-98
	android:name
		ADDED from PushDemo4Studio\PushDemo\AndroidManifest.xml:35:18-75
receiver#com.xiaomi.mipushdemo.DemoMessageReceiver
ADDED from PushDemo4Studio\PushDemo\AndroidManifest.xml:37:9-47:20
	android:exported
		ADDED from PushDemo4Studio\PushDemo\AndroidManifest.xml:37:76-99
	android:name
		ADDED from PushDemo4Studio\PushDemo\AndroidManifest.xml:37:19-75
intent-filter#com.xiaomi.mipush.RECEIVE_MESSAGE
ADDED from PushDemo4Studio\PushDemo\AndroidManifest.xml:38:13-40:29
action#com.xiaomi.mipush.RECEIVE_MESSAGE
ADDED from PushDemo4Studio\PushDemo\AndroidManifest.xml:39:17-76
	android:name
		ADDED from PushDemo4Studio\PushDemo\AndroidManifest.xml:39:25-73
intent-filter#com.xiaomi.mipush.MESSAGE_ARRIVED
ADDED from PushDemo4Studio\PushDemo\AndroidManifest.xml:41:13-43:29
action#com.xiaomi.mipush.MESSAGE_ARRIVED
ADDED from PushDemo4Studio\PushDemo\AndroidManifest.xml:42:17-76
	android:name
		ADDED from PushDemo4Studio\PushDemo\AndroidManifest.xml:42:25-73
intent-filter#com.xiaomi.mipush.ERROR
ADDED from PushDemo4Studio\PushDemo\AndroidManifest.xml:44:13-46:29
action#com.xiaomi.mipush.ERROR
ADDED from PushDemo4Studio\PushDemo\AndroidManifest.xml:45:17-66
	android:name
		ADDED from PushDemo4Studio\PushDemo\AndroidManifest.xml:45:25-63
receiver#com.xiaomi.push.service.receivers.NetworkStatusReceiver
ADDED from PushDemo4Studio\PushDemo\AndroidManifest.xml:48:9-54:20
	android:exported
		ADDED from PushDemo4Studio\PushDemo\AndroidManifest.xml:48:90-113
	android:name
		ADDED from PushDemo4Studio\PushDemo\AndroidManifest.xml:48:19-89
intent-filter#android.intent.category.DEFAULT+android.net.conn.CONNECTIVITY_CHANGE
ADDED from PushDemo4Studio\PushDemo\AndroidManifest.xml:49:13-53:29
action#android.net.conn.CONNECTIVITY_CHANGE
ADDED from PushDemo4Studio\PushDemo\AndroidManifest.xml:50:17-79
	android:name
		ADDED from PushDemo4Studio\PushDemo\AndroidManifest.xml:50:25-76
category#android.intent.category.DEFAULT
ADDED from PushDemo4Studio\PushDemo\AndroidManifest.xml:52:17-76
	android:name
		ADDED from PushDemo4Studio\PushDemo\AndroidManifest.xml:52:27-73
receiver#com.xiaomi.push.service.receivers.PingReceiver
ADDED from PushDemo4Studio\PushDemo\AndroidManifest.xml:55:9-59:20
	android:process
		ADDED from PushDemo4Studio\PushDemo\AndroidManifest.xml:55:106-136
	android:exported
		ADDED from PushDemo4Studio\PushDemo\AndroidManifest.xml:55:81-105
	android:name
		ADDED from PushDemo4Studio\PushDemo\AndroidManifest.xml:55:19-80
intent-filter#com.xiaomi.push.PING_TIMER
ADDED from PushDemo4Studio\PushDemo\AndroidManifest.xml:56:13-58:29
action#com.xiaomi.push.PING_TIMER
ADDED from PushDemo4Studio\PushDemo\AndroidManifest.xml:57:17-69
	android:name
		ADDED from PushDemo4Studio\PushDemo\AndroidManifest.xml:57:25-66